==========================================================================================
  CLASSICAL RAINBOW TABLE ATTACK (Hash Table Lookup)
==========================================================================================

[*] Loaded 12 hashes from hashes.txt
[*] Initializing classical attack...
[*] Loading endpoints into hash table...
    Loaded 1,000,000 endpoints...
    Loaded 2,000,000 endpoints...
    Loaded 3,000,000 endpoints...
    Loaded 4,000,000 endpoints...
    Loaded 5,000,000 endpoints...
    Loaded 6,000,000 endpoints...
    Loaded 7,000,000 endpoints...
    Loaded 8,000,000 endpoints...
    Loaded 9,000,000 endpoints...
    Loaded 10,000,000 endpoints...
    Loaded 11,000,000 endpoints...
    Loaded 12,000,000 endpoints...
    Loaded 13,000,000 endpoints...
    Loaded 14,000,000 endpoints...
    Loaded 15,000,000 endpoints...
    Loaded 16,000,000 endpoints...
    Loaded 17,000,000 endpoints...
    Loaded 18,000,000 endpoints...
    Loaded 19,000,000 endpoints...
    Loaded 20,000,000 endpoints...
    Loaded 21,000,000 endpoints...
    Loaded 22,000,000 endpoints...
    Loaded 23,000,000 endpoints...
    Loaded 24,000,000 endpoints...
    Loaded 25,000,000 endpoints...
    Loaded 26,000,000 endpoints...
    Loaded 27,000,000 endpoints...
    Loaded 28,000,000 endpoints...
    Loaded 29,000,000 endpoints...
    Loaded 30,000,000 endpoints...
    Loaded 31,000,000 endpoints...
    Loaded 32,000,000 endpoints...
    Loaded 33,000,000 endpoints...
    Loaded 34,000,000 endpoints...
    Loaded 35,000,000 endpoints...
    Loaded 36,000,000 endpoints...
    Loaded 37,000,000 endpoints...
    Loaded 38,000,000 endpoints...
[+] Loaded 37,526,594 unique endpoints in 56.89s
[+] Hash table memory: ~3578.8 MB

================================================================================
#    Hash                                       Password     Time
================================================================================
1    5baa61e4c9b93f3f0682250b6cf8331b7ee68fd8   password     0.895s  ✓
2    ee8d8728f435fd550f83852aabab5234ce1da528   iloveyou     0.739s  ✓
3    775bb961b81da1ca49217a48e533c832c337154a   princess     0.856s  ✓
4    8d6e34f987851aa599257d3831a1af040886842f   sunshine     0.916s  ✓
5    b03b74363bbb6ee42ce248c7a5344e92ffe76cc7   babygirl     0.783s  ✓
6    3692bfa45759a67d83aedf0045f6cb635a966abf   jonathan     0.778s  ✓
7    7212a9e01329ea93a57f574bd9bf77695d5fdca4   michelle     0.786s  ✓
8    18c28604dd31094a8d69dae60f1bcd347f1afc5a   superman     0.906s  ✓
9    514796c6710f0cda2cda51dd7a38c8996e1d6c16   greenday     0.865s  ✓
10   2f24fb18e9ad7deb5285156960780f76e86b2255   twilight     0.729s  ✓
11   e3cd9f6469fc3e1acfb9f2bdbfc5a3d2bbb8e2ad   jennifer     0.734s  ✓
12   d714d8456935fa20e60bd9e661423cb2583c79d9   victoria     0.916s  ✓
================================================================================

================================================================================
  SUMMARY
================================================================================
  Success rate:      12/12 (100.0%)
  Total time:        9.903s
  Average time:      0.825s per hash
  Throughput:        1.21 hashes/second
================================================================================

