==========================================================================================
  QUANTUM RAINBOW TABLE ATTACK (Grover's Search)
==========================================================================================

[*] Loaded 12 hashes from hashes.txt
[*] Loading Bloom filter...
[+] Bloom filter loaded in 0.05s (38,285,442 items, 65.6 MB)
[*] Initializing quantum attack...

================================================================================
#    Hash                                       Password     Time
================================================================================
1    5baa61e4c9b93f3f0682250b6cf8331b7ee68fd8   password     3.972s  ✓
2    ee8d8728f435fd550f83852aabab5234ce1da528   iloveyou     3.492s  ✓
3    775bb961b81da1ca49217a48e533c832c337154a   princess     3.369s  ✓
4    8d6e34f987851aa599257d3831a1af040886842f   sunshine     3.379s  ✓
5    b03b74363bbb6ee42ce248c7a5344e92ffe76cc7   babygirl     4.144s  ✓
6    3692bfa45759a67d83aedf0045f6cb635a966abf   jonathan     3.536s  ✓
7    7212a9e01329ea93a57f574bd9bf77695d5fdca4   michelle     3.751s  ✓
8    18c28604dd31094a8d69dae60f1bcd347f1afc5a   superman     4.391s  ✓
9    514796c6710f0cda2cda51dd7a38c8996e1d6c16   greenday     4.762s  ✓
10   2f24fb18e9ad7deb5285156960780f76e86b2255   twilight     4.697s  ✓
11   e3cd9f6469fc3e1acfb9f2bdbfc5a3d2bbb8e2ad   jennifer     4.696s  ✓
12   d714d8456935fa20e60bd9e661423cb2583c79d9   victoria     5.220s  ✓
================================================================================

================================================================================
  SUMMARY
================================================================================
  Success rate:      12/12 (100.0%)
  Total time:        49.410s
  Average time:      4.117s per hash
  Throughput:        0.24 hashes/second
================================================================================

